[kovkanazakaz.com/index.html]
[backblue.gif]
[fade.gif]
[index.html]
[kovkanazakaz.com/favicon.ico]
[kovkanazakaz.com/assets/img/favicons/apple-touch-icon.png]
[kovkanazakaz.com/assets/img/favicons/apple-touch-icon-57x57.png]
[kovkanazakaz.com/assets/img/favicons/apple-touch-icon-72x72.png]
[kovkanazakaz.com/assets/img/favicons/apple-touch-icon-76x76.png]
[kovkanazakaz.com/assets/img/favicons/apple-touch-icon-114x114.png]
[kovkanazakaz.com/assets/img/favicons/apple-touch-icon-120x120.png]
[kovkanazakaz.com/assets/img/favicons/apple-touch-icon-144x144.png]
[kovkanazakaz.com/assets/img/favicons/apple-touch-icon-152x152.png]
[kovkanazakaz.com/assets/css/reset.css]
[kovkanazakaz.com/assets/css/thezoom/style.min.css]
[kovkanazakaz.com/templates/template18/style-1384188477.css]
[kovkanazakaz.com/index-2.html]
[www.google-analytics.com/analytics.js]
[ajax.googleapis.com/ajax/libs/jquery/1.11.0/jquery.min.js]
[kovkanazakaz.com/assets/js/jquery.maskedinput.min.js]
[kovkanazakaz.com/assets/js/jquery.validate.min.js]
[kovkanazakaz.com/assets/js/jquery.cookie.js]
[kovkanazakaz.com/assets/js/jquery.lazy.min.js]
[kovkanazakaz.com/assets/img/logo.png]
[kovkanazakaz.com/forging/index.html]
[kovkanazakaz.com/forging/works/index.html]
[kovkanazakaz.com/forging/pricing/index.html]
[kovkanazakaz.com/mounting/index.html]
[kovkanazakaz.com/shipping/index.html]
[kovkanazakaz.com/contacts/feedback/index.html]
[kovkanazakaz.com/about/index.html]
[kovkanazakaz.com/contacts/index.html]
[kovkanazakaz.com/favorites/index.html]
[kovkanazakaz.com/assets/img/manager-photo.jpg]
[kovkanazakaz.com/assets/img/online-chat-icon.png]
[kovkanazakaz.com/assets/img/ку01.jpg]
[kovkanazakaz.com/assets/img/ку01с.jpg]
[kovkanazakaz.com/assets/img/ку01ц7490.jpg]
[kovkanazakaz.com/assets/img/ку02.jpg]
[kovkanazakaz.com/assets/img/ку03.jpg]
[kovkanazakaz.com/assets/img/ку04ц7490.jpg]
[kovkanazakaz.com/assets/img/ку04я.jpg]
[kovkanazakaz.com/assets/img/ку05ц7490.jpg]
[kovkanazakaz.com/assets/img/ку06ц7900.jpg]
[kovkanazakaz.com/assets/img/ку08с.jpg]
[kovkanazakaz.com/assets/img/ку09ц8490.jpg]
[kovkanazakaz.com/assets/img/ку09я.jpg]
[kovkanazakaz.com/assets/img/ку10ц7490.jpg]
[kovkanazakaz.com/assets/img/ку10ц7490(1).jpg]
[kovkanazakaz.com/assets/img/pixel.png]
[kovkanazakaz.com/assets/img/ку11с.jpg]
[kovkanazakaz.com/assets/img/ку11я.jpg]
[kovkanazakaz.com/assets/img/ку13с.jpg]
[kovkanazakaz.com/assets/img/ку13ц7490(1).jpg]
[kovkanazakaz.com/assets/img/ку14ц7900.jpg]
[kovkanazakaz.com/assets/img/ку14я.jpg]
[kovkanazakaz.com/assets/img/ку15с.jpg]
[kovkanazakaz.com/assets/img/ку15ц7290.jpg]
[kovkanazakaz.com/assets/img/ку16ц9190.jpg]
[kovkanazakaz.com/assets/img/ку16ц9190(2).jpg]
[kovkanazakaz.com/assets/img/examples-gradient-bg.png]
[kovkanazakaz.com/assets/img/examples-shadow.png]
[kovkanazakaz.com/forging/sketches/index.html]
[kovkanazakaz.com/assets/img/steps-circle-between-1.png]
[kovkanazakaz.com/assets/img/steps-circle-between-2.png]
[kovkanazakaz.com/assets/img/bg-gradient-repeat.png]
[kovkanazakaz.com/map/index.html]
[kovkanazakaz.com/assets/js/jquery.parallax.min.js]
[yandex.st/share/cnt.share.js]
[kovkanazakaz.com/assets/js/startup.js]
[kovkanazakaz.com/index.html]
[kovkanazakaz.com/assets/css/reset.css]
[kovkanazakaz.com/assets/css/thezoom/img/download2.png]
[kovkanazakaz.com/assets/css/thezoom/img/social.png]
[kovkanazakaz.com/assets/css/thezoom/img/loader.gif]
[kovkanazakaz.com/assets/css/thezoom/img/overlays/1w.png]
[kovkanazakaz.com/assets/css/thezoom/img/overlays/1b.png]
[kovkanazakaz.com/assets/css/thezoom/img/overlays/4w.png]
[kovkanazakaz.com/assets/css/thezoom/img/overlays/4b.png]
[kovkanazakaz.com/assets/css/thezoom/img/overlays/5w.png]
[kovkanazakaz.com/assets/css/thezoom/img/overlays/5b.png]
[kovkanazakaz.com/assets/css/thezoom/img/overlays/3w.png]
[kovkanazakaz.com/assets/css/thezoom/img/overlays/3b.png]
[kovkanazakaz.com/assets/css/thezoom/img/overlays/2w.png]
[kovkanazakaz.com/assets/css/thezoom/img/overlays/2b.png]
[kovkanazakaz.com/assets/css/thezoom/img/overlays/dot1.png]
[kovkanazakaz.com/assets/css/thezoom/img/overlays/01.png]
[kovkanazakaz.com/assets/css/thezoom/img/overlays/09.png]
[kovkanazakaz.com/assets/css/thezoom/img/close.png]
[kovkanazakaz.com/assets/css/thezoom/img/zoomin24.png]
[kovkanazakaz.com/assets/css/thezoom/img/zoomout24.png]
[kovkanazakaz.com/assets/css/thezoom/img/next.png]
[kovkanazakaz.com/assets/css/thezoom/style.min.css]
[kovkanazakaz.com/assets/img/main-content-container-shadow.png]
[kovkanazakaz.com/assets/img/delivery-link-bg.png]
[kovkanazakaz.com/assets/img/percent-sticker.png]
[kovkanazakaz.com/assets/img/mail-icon.png]
[kovkanazakaz.com/assets/img/mail-icon-hover.png]
[kovkanazakaz.com/assets/img/form-ajax-loader.gif]
[kovkanazakaz.com/assets/img/ajax-form-accept-icon.png]
[kovkanazakaz.com/assets/img/online-chat-container-bg.png]
[kovkanazakaz.com/assets/img/examples-shadow-repeat.png]
[kovkanazakaz.com/assets/img/steps-circle-1.png]
[kovkanazakaz.com/assets/img/steps-circle-2.png]
[kovkanazakaz.com/assets/img/steps-circle-3.png]
[kovkanazakaz.com/assets/img/steps-circle-shadow.png]
[kovkanazakaz.com/assets/img/bg-gradient-sidebar.png]
[kovkanazakaz.com/assets/img/bg-noise.png]
[kovkanazakaz.com/assets/img/footer-logo.png]
[kovkanazakaz.com/assets/img/sales-icon.png]
[kovkanazakaz.com/templates/template18/style-1384188477.css]
[kovkanazakaz.com/templates/template20/style-1384188477.css]
[kovkanazakaz.com/templates/template21/style-1384188477.css]
[kovkanazakaz.com/index-2.html]
[kovkanazakaz.com/assets/js/jquery.maskedinput.min.html]
[kovkanazakaz.com/assets/js/jquery.validate.min.html]
[kovkanazakaz.com/assets/js/jquery.cookie.html]
[kovkanazakaz.com/assets/js/jquery.lazy.min.html]
[kovkanazakaz.com/templates/template18/style-1384188472.css]
[kovkanazakaz.com/forging/index.html]
[kovkanazakaz.com/forging/works/railings/index.html]
[kovkanazakaz.com/forging/works/staircase/index.html]
[kovkanazakaz.com/forging/works/balcony/index.html]
[kovkanazakaz.com/forging/works/window-grilles/index.html]
[kovkanazakaz.com/forging/works/peaks/index.html]
[kovkanazakaz.com/forging/works/canopies/index.html]
[kovkanazakaz.com/forging/works/gazebos/index.html]
[kovkanazakaz.com/forging/works/fence/index.html]
[kovkanazakaz.com/forging/works/gates/index.html]
[kovkanazakaz.com/forging/works/wickets/index.html]
[kovkanazakaz.com/forging/works/barbecues/index.html]
[kovkanazakaz.com/forging/works/firewood-rack/index.html]
[kovkanazakaz.com/forging/works/bench/index.html]
[kovkanazakaz.com/forging/works/tables/index.html]
[kovkanazakaz.com/forging/works/chairs/index.html]
[kovkanazakaz.com/forging/works/clothes-racks/index.html]
[kovkanazakaz.com/forging/works/lights/index.html]
[kovkanazakaz.com/forging/works/lamps/index.html]
[kovkanazakaz.com/upload/kovka-na-zakaz/structure_3/1/1/6/structure_116/structure_property_image_25.png]
[kovkanazakaz.com/upload/kovka-na-zakaz/structure_3/1/1/7/structure_117/structure_property_image_38.png]
[kovkanazakaz.com/upload/kovka-na-zakaz/structure_3/1/3/5/structure_135/structure_property_image_47.png]
[kovkanazakaz.com/upload/kovka-na-zakaz/structure_3/1/2/2/structure_122/structure_property_image_29.png]
[kovkanazakaz.com/upload/kovka-na-zakaz/structure_3/1/2/1/structure_121/structure_property_image_27.png]
[kovkanazakaz.com/upload/kovka-na-zakaz/structure_3/1/2/0/structure_120/structure_property_image_26.png]
[kovkanazakaz.com/upload/kovka-na-zakaz/structure_3/1/2/8/structure_128/structure_property_image_35.png]
[kovkanazakaz.com/upload/kovka-na-zakaz/structure_3/1/1/9/structure_119/structure_property_image_28.png]
[kovkanazakaz.com/upload/kovka-na-zakaz/structure_3/1/1/8/structure_118/structure_property_image_37.png]
[kovkanazakaz.com/upload/kovka-na-zakaz/structure_3/1/2/7/structure_127/structure_property_image_34.png]
[kovkanazakaz.com/upload/kovka-na-zakaz/structure_3/1/2/9/structure_129/structure_property_image_36.png]
[kovkanazakaz.com/upload/kovka-na-zakaz/structure_3/1/3/4/structure_134/structure_property_image_46.png]
[kovkanazakaz.com/upload/kovka-na-zakaz/structure_3/1/2/6/structure_126/structure_property_image_33.png]
[kovkanazakaz.com/upload/kovka-na-zakaz/structure_3/1/2/5/structure_125/structure_property_image_32.png]
[kovkanazakaz.com/upload/kovka-na-zakaz/structure_3/1/3/6/structure_136/structure_property_image_48.png]
[kovkanazakaz.com/upload/kovka-na-zakaz/structure_3/1/3/3/structure_133/structure_property_image_45.png]
[kovkanazakaz.com/upload/kovka-na-zakaz/structure_3/1/2/3/structure_123/structure_property_image_30.png]
[kovkanazakaz.com/upload/kovka-na-zakaz/structure_3/1/2/4/structure_124/structure_property_image_31.png]
[kovkanazakaz.com/assets/js/thezoom/gsap.min.js]
[kovkanazakaz.com/assets/js/thezoom/thezoom.min.js]
[ajax.googleapis.com/ajax/libs/jqueryui/1.10.4/jquery-ui.min.js]
[kovkanazakaz.com/forging/works/index.html]
[kovkanazakaz.com/forging/pricing/index.html]
[kovkanazakaz.com/mounting/index.html]
[kovkanazakaz.com/shipping/index.html]
[kovkanazakaz.com/assets/css/dropzone.css]
[kovkanazakaz.com/assets/js/dropzone.js]
[kovkanazakaz.com/contacts/feedback/index.html]
[kovkanazakaz.com/about/index.html]
[kovkanazakaz.com/contacts/index.html]
[kovkanazakaz.com/favorites/index.html]
[kovkanazakaz.com/assets/img/ку01.html]
[kovkanazakaz.com/assets/img/ку01с.html]
[kovkanazakaz.com/assets/img/ку01ц7490.html]
[kovkanazakaz.com/assets/img/ку02.html]
[kovkanazakaz.com/assets/img/ку03.html]
[kovkanazakaz.com/assets/img/ку04ц7490.html]
[kovkanazakaz.com/assets/img/ку04я.html]
[kovkanazakaz.com/assets/img/ку05ц7490.html]
[kovkanazakaz.com/assets/img/ку06ц7900.html]
[kovkanazakaz.com/assets/img/ку08с.html]
[kovkanazakaz.com/assets/img/ку09ц8490.html]
[kovkanazakaz.com/assets/img/ку09я.html]
[kovkanazakaz.com/assets/img/ку10ц7490.html]
[kovkanazakaz.com/assets/img/ку10ц7490(1).html]
[kovkanazakaz.com/assets/img/ку11с.html]
[kovkanazakaz.com/assets/img/ку11я.html]
[kovkanazakaz.com/assets/img/ку13с.html]
[kovkanazakaz.com/assets/img/ку13ц7490(1).html]
[kovkanazakaz.com/assets/img/ку14ц7900.html]
[kovkanazakaz.com/assets/img/ку14я.html]
[kovkanazakaz.com/assets/img/ку15с.html]
[kovkanazakaz.com/assets/img/ку15ц7290.html]
[kovkanazakaz.com/assets/img/ку16ц9190.html]
[kovkanazakaz.com/assets/img/ку16ц9190(2).html]
[kovkanazakaz.com/forging/sketches/index.html]
[kovkanazakaz.com/map/index.html]
[kovkanazakaz.com/assets/js/jquery.parallax.min.html]
[yastatic.net/share/static/b-share-form-button.png]
[yastatic.net/share/static/b-share-icon_size_14.png]
[yastatic.net/share/static/b-share-form-button_share__icon.png]
[yastatic.net/share/static/b-share-icon.png]
[yastatic.net/share/static/b-share-icon__china.png]
[yastatic.net/share/static/b-share_counter_large.png]
[yastatic.net/share/static/b-share_counter_small.png]
[yastatic.net/share/static/b-share-form-button_share__icon.gif]
[yandex.st/share/cnt.share.js]
[kovkanazakaz.com/assets/js/startup.html]
[kovkanazakaz.com/templates/template18/style-1384188472.css]
[kovkanazakaz.com/templates/template20/style-1384188472.css]
[kovkanazakaz.com/templates/template23/style-1384188472.css]
[kovkanazakaz.com/forging/works/railings/index-class=a.html]
[kovkanazakaz.com/forging/works/railings/index-class=b.html]
[kovkanazakaz.com/forging/works/railings/index-class=c.html]
[kovkanazakaz.com/forging/works/railings/index.html]
[kovkanazakaz.com/forging/works/railings/index-sort=asc.html]
[kovkanazakaz.com/forging/works/staircase/index.html]
[kovkanazakaz.com/forging/works/staircase/index-sort=asc.html]
[kovkanazakaz.com/forging/works/balcony/index.html]
[kovkanazakaz.com/forging/works/balcony/index-sort=asc.html]
[kovkanazakaz.com/forging/works/window-grilles/index-class=a.html]
[kovkanazakaz.com/forging/works/window-grilles/index-class=b.html]
[kovkanazakaz.com/forging/works/window-grilles/index-class=c.html]
[kovkanazakaz.com/forging/works/window-grilles/index.html]
[kovkanazakaz.com/forging/works/window-grilles/index-sort=asc.html]
[kovkanazakaz.com/forging/works/peaks/index-class=a.html]
[kovkanazakaz.com/forging/works/peaks/index-class=b.html]
[kovkanazakaz.com/forging/works/peaks/index-class=c.html]
[kovkanazakaz.com/forging/works/peaks/index.html]
[kovkanazakaz.com/forging/works/peaks/index-sort=asc.html]
[kovkanazakaz.com/forging/works/canopies/index-class=a.html]
[kovkanazakaz.com/forging/works/canopies/index-class=b.html]
[kovkanazakaz.com/forging/works/canopies/index-class=c.html]
[kovkanazakaz.com/forging/works/canopies/index.html]
[kovkanazakaz.com/forging/works/canopies/index-sort=asc.html]
[kovkanazakaz.com/forging/works/gazebos/index.html]
[kovkanazakaz.com/forging/works/gazebos/index-sort=asc.html]
[kovkanazakaz.com/forging/works/fence/index-class=a.html]
[kovkanazakaz.com/forging/works/fence/index-class=b.html]
[kovkanazakaz.com/forging/works/fence/index-class=c.html]
[kovkanazakaz.com/forging/works/fence/index.html]
[kovkanazakaz.com/forging/works/fence/index-sort=asc.html]
[kovkanazakaz.com/forging/works/gates/index-class=a.html]
[kovkanazakaz.com/forging/works/gates/index-class=b.html]
[kovkanazakaz.com/forging/works/gates/index-class=c.html]
[kovkanazakaz.com/forging/works/gates/index.html]
[kovkanazakaz.com/forging/works/gates/index-sort=asc.html]
[kovkanazakaz.com/forging/works/wickets/index-class=a.html]
[kovkanazakaz.com/forging/works/wickets/index-class=b.html]
[kovkanazakaz.com/forging/works/wickets/index-class=c.html]
[kovkanazakaz.com/forging/works/wickets/index.html]
[kovkanazakaz.com/forging/works/wickets/index-sort=asc.html]
[kovkanazakaz.com/forging/works/barbecues/index-class=a.html]
[kovkanazakaz.com/forging/works/barbecues/index-class=b.html]
[kovkanazakaz.com/forging/works/barbecues/index-class=c.html]
[kovkanazakaz.com/forging/works/barbecues/index.html]
[kovkanazakaz.com/forging/works/barbecues/index-sort=asc.html]
[kovkanazakaz.com/forging/works/firewood-rack/index-class=a.html]
[kovkanazakaz.com/forging/works/firewood-rack/index-class=b.html]
[kovkanazakaz.com/forging/works/firewood-rack/index-class=c.html]
[kovkanazakaz.com/forging/works/firewood-rack/index.html]
[kovkanazakaz.com/forging/works/firewood-rack/index-sort=asc.html]
[kovkanazakaz.com/forging/works/bench/index.html]
[kovkanazakaz.com/forging/works/bench/index-sort=asc.html]
[kovkanazakaz.com/forging/works/tables/index-class=a.html]
[kovkanazakaz.com/forging/works/tables/index-class=b.html]
[kovkanazakaz.com/forging/works/tables/index-class=c.html]
[kovkanazakaz.com/forging/works/tables/index.html]
[kovkanazakaz.com/forging/works/tables/index-sort=asc.html]
[kovkanazakaz.com/forging/works/chairs/index.html]
[kovkanazakaz.com/forging/works/chairs/index-sort=asc.html]
[kovkanazakaz.com/forging/works/clothes-racks/index-class=a.html]
[kovkanazakaz.com/forging/works/clothes-racks/index-class=b.html]
[kovkanazakaz.com/forging/works/clothes-racks/index-class=c.html]
[kovkanazakaz.com/forging/works/clothes-racks/index.html]
[kovkanazakaz.com/forging/works/clothes-racks/index-sort=asc.html]
[kovkanazakaz.com/forging/works/lights/index.html]
[kovkanazakaz.com/forging/works/lights/index-sort=asc.html]
[kovkanazakaz.com/forging/works/lamps/index.html]
[kovkanazakaz.com/assets/js/thezoom/gsap.min.js]
[kovkanazakaz.com/assets/js/thezoom/thezoom.min.js]
[kovkanazakaz.com/forging/works/lamps/index-sort=asc.html]
[kovkanazakaz.com/forging/works/Version/index.html]
[kovkanazakaz.com/assets/img/dropzone/spritemap.png]
[kovkanazakaz.com/assets/img/dropzone/spritemap@2x.png]
[kovkanazakaz.com/assets/css/dropzone.css]
[kovkanazakaz.com/assets/js/dropzone.html]
[kovkanazakaz.com/forging/works/railings/index-class=a.html]
[kovkanazakaz.com/forging/works/railings/index-sort=asc&class=a.html]
[kovkanazakaz.com/forging/works/railings/index-class=b.html]
[kovkanazakaz.com/forging/works/railings/index-sort=asc&class=b.html]
[kovkanazakaz.com/forging/works/railings/index-class=c.html]
[kovkanazakaz.com/forging/works/railings/index-sort=asc&class=c.html]
[kovkanazakaz.com/forging/works/railings/index-sort=asc.html]
[kovkanazakaz.com/forging/works/railings/index-sort=popular.html]
[kovkanazakaz.com/forging/works/staircase/index-sort=asc.html]
[kovkanazakaz.com/forging/works/staircase/index-sort=popular.html]
[kovkanazakaz.com/forging/works/balcony/index-sort=asc.html]
[kovkanazakaz.com/forging/works/window-grilles/index-class=a.html]
[kovkanazakaz.com/forging/works/balcony/index-sort=popular.html]
[kovkanazakaz.com/forging/works/window-grilles/index-sort=asc&class=a.html]
[kovkanazakaz.com/forging/works/window-grilles/index-class=b.html]
[kovkanazakaz.com/forging/works/window-grilles/index-sort=asc&class=b.html]
[kovkanazakaz.com/forging/works/window-grilles/index-class=c.html]
[kovkanazakaz.com/forging/works/window-grilles/index-sort=asc&class=c.html]
[kovkanazakaz.com/forging/works/window-grilles/index-sort=asc.html]
[kovkanazakaz.com/forging/works/window-grilles/index-sort=popular.html]
[kovkanazakaz.com/forging/works/peaks/index-class=a.html]
[kovkanazakaz.com/forging/works/peaks/index-sort=asc&class=a.html]
[kovkanazakaz.com/forging/works/peaks/index-class=b.html]
[kovkanazakaz.com/forging/works/peaks/index-sort=asc&class=b.html]
[kovkanazakaz.com/forging/works/peaks/index-class=c.html]
[kovkanazakaz.com/forging/works/peaks/index-sort=asc&class=c.html]
[kovkanazakaz.com/forging/works/peaks/index-sort=asc.html]
[kovkanazakaz.com/forging/works/peaks/index-sort=popular.html]
[kovkanazakaz.com/forging/works/canopies/index-class=a.html]
[kovkanazakaz.com/forging/works/canopies/index-sort=asc&class=a.html]
[kovkanazakaz.com/forging/works/canopies/index-class=b.html]
[kovkanazakaz.com/forging/works/canopies/index-sort=asc&class=b.html]
[kovkanazakaz.com/forging/works/canopies/index-class=c.html]
[kovkanazakaz.com/forging/works/canopies/index-sort=asc&class=c.html]
[kovkanazakaz.com/forging/works/canopies/index-sort=asc.html]
[kovkanazakaz.com/forging/works/canopies/index-sort=popular.html]
[kovkanazakaz.com/forging/works/gazebos/index-sort=asc.html]
[kovkanazakaz.com/forging/works/gazebos/index-sort=popular.html]
[kovkanazakaz.com/forging/works/fence/index-class=a.html]
[kovkanazakaz.com/forging/works/fence/index-sort=asc&class=a.html]
[kovkanazakaz.com/forging/works/fence/index-class=b.html]
[kovkanazakaz.com/forging/works/fence/index-sort=asc&class=b.html]
[kovkanazakaz.com/forging/works/fence/index-class=c.html]
[kovkanazakaz.com/forging/works/fence/index-sort=asc&class=c.html]
[kovkanazakaz.com/forging/works/fence/index-sort=asc.html]
[kovkanazakaz.com/forging/works/fence/index-sort=popular.html]
[kovkanazakaz.com/forging/works/gates/index-class=a.html]
[kovkanazakaz.com/forging/works/gates/index-sort=asc&class=a.html]
[kovkanazakaz.com/forging/works/gates/index-class=b.html]
[kovkanazakaz.com/forging/works/gates/index-sort=asc&class=b.html]
[kovkanazakaz.com/forging/works/gates/index-class=c.html]
[kovkanazakaz.com/forging/works/gates/index-sort=asc&class=c.html]
[kovkanazakaz.com/forging/works/gates/index-sort=asc.html]
[kovkanazakaz.com/forging/works/gates/index-sort=popular.html]
[kovkanazakaz.com/forging/works/wickets/index-class=a.html]
[kovkanazakaz.com/forging/works/wickets/index-sort=asc&class=a.html]
[kovkanazakaz.com/forging/works/wickets/index-class=b.html]
[kovkanazakaz.com/forging/works/wickets/index-sort=asc&class=b.html]
[kovkanazakaz.com/forging/works/wickets/index-class=c.html]
[kovkanazakaz.com/forging/works/wickets/index-sort=asc&class=c.html]
[kovkanazakaz.com/forging/works/wickets/index-sort=asc.html]
[kovkanazakaz.com/forging/works/wickets/index-sort=popular.html]
[kovkanazakaz.com/forging/works/barbecues/index-class=a.html]
[kovkanazakaz.com/forging/works/barbecues/index-sort=asc&class=a.html]
[kovkanazakaz.com/forging/works/barbecues/index-class=b.html]
[kovkanazakaz.com/forging/works/barbecues/index-sort=asc&class=b.html]
[kovkanazakaz.com/forging/works/barbecues/index-class=c.html]
[kovkanazakaz.com/forging/works/barbecues/index-sort=asc&class=c.html]
[kovkanazakaz.com/forging/works/barbecues/index-sort=asc.html]
[kovkanazakaz.com/forging/works/barbecues/index-sort=popular.html]
[kovkanazakaz.com/forging/works/firewood-rack/index-class=a.html]
[kovkanazakaz.com/forging/works/firewood-rack/index-sort=asc&class=a.html]
[kovkanazakaz.com/forging/works/firewood-rack/index-class=b.html]
[kovkanazakaz.com/forging/works/firewood-rack/index-sort=asc&class=b.html]
[kovkanazakaz.com/forging/works/firewood-rack/index-class=c.html]
[kovkanazakaz.com/forging/works/firewood-rack/index-sort=asc&class=c.html]
[kovkanazakaz.com/forging/works/firewood-rack/index-sort=asc.html]
[kovkanazakaz.com/forging/works/firewood-rack/index-sort=popular.html]
[kovkanazakaz.com/forging/works/bench/index-sort=asc.html]
[kovkanazakaz.com/forging/works/bench/index-sort=popular.html]
[kovkanazakaz.com/forging/works/tables/index-class=a.html]
[kovkanazakaz.com/forging/works/tables/index-sort=asc&class=a.html]
[kovkanazakaz.com/forging/works/tables/index-class=b.html]
[kovkanazakaz.com/forging/works/tables/index-sort=asc&class=b.html]
[kovkanazakaz.com/forging/works/tables/index-class=c.html]
[kovkanazakaz.com/forging/works/tables/index-sort=asc&class=c.html]
[kovkanazakaz.com/forging/works/tables/index-sort=asc.html]
[kovkanazakaz.com/forging/works/tables/index-sort=popular.html]
[kovkanazakaz.com/forging/works/chairs/index-sort=asc.html]
[kovkanazakaz.com/forging/works/chairs/index-sort=popular.html]
[kovkanazakaz.com/forging/works/clothes-racks/index-class=a.html]
[kovkanazakaz.com/forging/works/clothes-racks/index-sort=asc&class=a.html]
[kovkanazakaz.com/forging/works/clothes-racks/index-class=b.html]
[kovkanazakaz.com/forging/works/clothes-racks/index-sort=asc&class=b.html]
[kovkanazakaz.com/forging/works/clothes-racks/index-class=c.html]
[kovkanazakaz.com/forging/works/clothes-racks/index-sort=asc&class=c.html]
[kovkanazakaz.com/forging/works/clothes-racks/index-sort=asc.html]
[kovkanazakaz.com/forging/works/clothes-racks/index-sort=popular.html]
[kovkanazakaz.com/forging/works/lights/index-sort=asc.html]
[kovkanazakaz.com/forging/works/lights/index-sort=popular.html]
[kovkanazakaz.com/forging/works/lamps/index-sort=asc.html]
[kovkanazakaz.com/forging/works/Version/index.html]
[kovkanazakaz.com/forging/works/lamps/index-sort=popular.html]
[kovkanazakaz.com/forging/works/railings/index-sort=asc&class=a.html]
[kovkanazakaz.com/forging/works/railings/index-sort=popular&class=a.html]
[kovkanazakaz.com/forging/works/railings/index-sort=asc&class=b.html]
[kovkanazakaz.com/forging/works/railings/index-sort=popular&class=b.html]
[kovkanazakaz.com/forging/works/railings/index-sort=asc&class=c.html]
[kovkanazakaz.com/forging/works/railings/index-sort=popular.html]
[kovkanazakaz.com/forging/works/staircase/index-sort=popular.html]
[kovkanazakaz.com/forging/works/balcony/index-sort=popular.html]
[kovkanazakaz.com/forging/works/railings/index-sort=popular&class=c.html]
[kovkanazakaz.com/forging/works/window-grilles/index-sort=asc&class=a.html]
[kovkanazakaz.com/forging/works/window-grilles/index-sort=popular&class=a.html]
[kovkanazakaz.com/forging/works/window-grilles/index-sort=asc&class=b.html]
[kovkanazakaz.com/forging/works/window-grilles/index-sort=popular&class=b.html]
[kovkanazakaz.com/forging/works/window-grilles/index-sort=asc&class=c.html]
[kovkanazakaz.com/forging/works/window-grilles/index-sort=popular.html]
[kovkanazakaz.com/forging/works/window-grilles/index-sort=popular&class=c.html]
[kovkanazakaz.com/forging/works/peaks/index-sort=asc&class=a.html]
[kovkanazakaz.com/forging/works/peaks/index-sort=popular&class=a.html]
[kovkanazakaz.com/forging/works/peaks/index-sort=asc&class=b.html]
[kovkanazakaz.com/forging/works/peaks/index-sort=popular&class=b.html]
[kovkanazakaz.com/forging/works/peaks/index-sort=asc&class=c.html]
[kovkanazakaz.com/forging/works/peaks/index-sort=popular.html]
[kovkanazakaz.com/forging/works/peaks/index-sort=popular&class=c.html]
[kovkanazakaz.com/forging/works/canopies/index-sort=asc&class=a.html]
[kovkanazakaz.com/forging/works/canopies/index-sort=popular&class=a.html]
[kovkanazakaz.com/forging/works/canopies/index-sort=asc&class=b.html]
[kovkanazakaz.com/forging/works/canopies/index-sort=popular&class=b.html]
[kovkanazakaz.com/forging/works/canopies/index-sort=asc&class=c.html]
[kovkanazakaz.com/forging/works/canopies/index-sort=popular.html]
[kovkanazakaz.com/forging/works/gazebos/index-sort=popular.html]
[kovkanazakaz.com/forging/works/canopies/index-sort=popular&class=c.html]
[kovkanazakaz.com/forging/works/fence/index-sort=asc&class=a.html]
[kovkanazakaz.com/forging/works/fence/index-sort=popular&class=a.html]
[kovkanazakaz.com/forging/works/fence/index-sort=asc&class=b.html]
[kovkanazakaz.com/forging/works/fence/index-sort=popular&class=b.html]
[kovkanazakaz.com/forging/works/fence/index-sort=asc&class=c.html]
[kovkanazakaz.com/forging/works/fence/index-sort=popular.html]
[kovkanazakaz.com/forging/works/fence/index-sort=popular&class=c.html]
[kovkanazakaz.com/forging/works/gates/index-sort=asc&class=a.html]
[kovkanazakaz.com/forging/works/gates/index-sort=popular&class=a.html]
[kovkanazakaz.com/forging/works/gates/index-sort=asc&class=b.html]
[kovkanazakaz.com/forging/works/gates/index-sort=popular&class=b.html]
[kovkanazakaz.com/forging/works/gates/index-sort=asc&class=c.html]
[kovkanazakaz.com/forging/works/gates/index-sort=popular.html]
[kovkanazakaz.com/forging/works/gates/index-sort=popular&class=c.html]
[kovkanazakaz.com/forging/works/wickets/index-sort=asc&class=a.html]
[kovkanazakaz.com/forging/works/wickets/index-sort=popular&class=a.html]
[kovkanazakaz.com/forging/works/wickets/index-sort=asc&class=b.html]
[kovkanazakaz.com/forging/works/wickets/index-sort=popular&class=b.html]
[kovkanazakaz.com/forging/works/wickets/index-sort=asc&class=c.html]
[kovkanazakaz.com/forging/works/wickets/index-sort=popular.html]
[kovkanazakaz.com/forging/works/wickets/index-sort=popular&class=c.html]
[kovkanazakaz.com/forging/works/barbecues/index-sort=asc&class=a.html]
[kovkanazakaz.com/forging/works/barbecues/index-sort=popular&class=a.html]
[kovkanazakaz.com/forging/works/barbecues/index-sort=asc&class=b.html]
[kovkanazakaz.com/forging/works/barbecues/index-sort=popular&class=b.html]
[kovkanazakaz.com/forging/works/barbecues/index-sort=asc&class=c.html]
[kovkanazakaz.com/forging/works/barbecues/index-sort=popular.html]
[kovkanazakaz.com/forging/works/barbecues/index-sort=popular&class=c.html]
[kovkanazakaz.com/forging/works/firewood-rack/index-sort=asc&class=a.html]
[kovkanazakaz.com/forging/works/firewood-rack/index-sort=popular&class=a.html]
[kovkanazakaz.com/forging/works/firewood-rack/index-sort=asc&class=b.html]
[kovkanazakaz.com/forging/works/firewood-rack/index-sort=popular&class=b.html]
[kovkanazakaz.com/forging/works/firewood-rack/index-sort=asc&class=c.html]
[kovkanazakaz.com/forging/works/firewood-rack/index-sort=popular.html]
[kovkanazakaz.com/forging/works/bench/index-sort=popular.html]
[kovkanazakaz.com/forging/works/firewood-rack/index-sort=popular&class=c.html]
[kovkanazakaz.com/forging/works/tables/index-sort=asc&class=a.html]
[kovkanazakaz.com/forging/works/tables/index-sort=popular&class=a.html]
[kovkanazakaz.com/forging/works/tables/index-sort=asc&class=b.html]
[kovkanazakaz.com/forging/works/tables/index-sort=popular&class=b.html]
[kovkanazakaz.com/forging/works/tables/index-sort=asc&class=c.html]
[kovkanazakaz.com/forging/works/tables/index-sort=popular.html]
[kovkanazakaz.com/forging/works/chairs/index-sort=popular.html]
[kovkanazakaz.com/forging/works/tables/index-sort=popular&class=c.html]
[kovkanazakaz.com/forging/works/clothes-racks/index-sort=asc&class=a.html]
[kovkanazakaz.com/forging/works/clothes-racks/index-sort=popular&class=a.html]
[kovkanazakaz.com/forging/works/clothes-racks/index-sort=asc&class=b.html]
[kovkanazakaz.com/forging/works/clothes-racks/index-sort=popular&class=b.html]
[kovkanazakaz.com/forging/works/clothes-racks/index-sort=asc&class=c.html]
[kovkanazakaz.com/forging/works/clothes-racks/index-sort=popular.html]
[kovkanazakaz.com/forging/works/lights/index-sort=popular.html]
[kovkanazakaz.com/forging/works/lamps/index-sort=popular.html]
[kovkanazakaz.com/forging/works/railings/index-sort=popular&class=a.html]
[kovkanazakaz.com/forging/works/railings/index-sort=popular&class=b.html]
[kovkanazakaz.com/forging/works/railings/index-sort=popular&class=c.html]
[kovkanazakaz.com/forging/works/window-grilles/index-sort=popular&class=a.html]
[kovkanazakaz.com/forging/works/window-grilles/index-sort=popular&class=b.html]
[kovkanazakaz.com/forging/works/clothes-racks/index-sort=popular&class=c.html]
[kovkanazakaz.com/forging/works/window-grilles/index-sort=popular&class=c.html]
[kovkanazakaz.com/forging/works/peaks/index-sort=popular&class=a.html]
[kovkanazakaz.com/forging/works/peaks/index-sort=popular&class=b.html]
[kovkanazakaz.com/forging/works/peaks/index-sort=popular&class=c.html]
[kovkanazakaz.com/forging/works/canopies/index-sort=popular&class=a.html]
[kovkanazakaz.com/forging/works/canopies/index-sort=popular&class=b.html]
[kovkanazakaz.com/forging/works/canopies/index-sort=popular&class=c.html]
[kovkanazakaz.com/forging/works/fence/index-sort=popular&class=a.html]
[kovkanazakaz.com/forging/works/fence/index-sort=popular&class=b.html]
[kovkanazakaz.com/forging/works/fence/index-sort=popular&class=c.html]
[kovkanazakaz.com/forging/works/gates/index-sort=popular&class=a.html]
[kovkanazakaz.com/forging/works/gates/index-sort=popular&class=b.html]
[kovkanazakaz.com/forging/works/gates/index-sort=popular&class=c.html]
[kovkanazakaz.com/forging/works/wickets/index-sort=popular&class=a.html]
[kovkanazakaz.com/forging/works/wickets/index-sort=popular&class=b.html]
[kovkanazakaz.com/forging/works/wickets/index-sort=popular&class=c.html]
[kovkanazakaz.com/forging/works/barbecues/index-sort=popular&class=a.html]
[kovkanazakaz.com/forging/works/barbecues/index-sort=popular&class=b.html]
[kovkanazakaz.com/forging/works/barbecues/index-sort=popular&class=c.html]
[kovkanazakaz.com/forging/works/firewood-rack/index-sort=popular&class=a.html]
[kovkanazakaz.com/forging/works/firewood-rack/index-sort=popular&class=b.html]
[kovkanazakaz.com/forging/works/firewood-rack/index-sort=popular&class=c.html]
[kovkanazakaz.com/forging/works/tables/index-sort=popular&class=a.html]
[kovkanazakaz.com/forging/works/tables/index-sort=popular&class=b.html]
[kovkanazakaz.com/forging/works/tables/index-sort=popular&class=c.html]
[kovkanazakaz.com/forging/works/clothes-racks/index-sort=popular&class=a.html]
[kovkanazakaz.com/forging/works/clothes-racks/index-sort=popular&class=b.html]
[kovkanazakaz.com/forging/works/clothes-racks/index-sort=popular&class=c.html]
